Traceback (most recent call last):
  File "<frozen runpy>", line 198, in _run_module_as_main
  File "<frozen runpy>", line 88, in _run_code
  File "/Users/sulavkhatiwada/Desktop/nepse-main/.venv/lib/python3.13/site-packages/uvicorn/__main__.py", line 4, in <module>
    uvicorn.main()
    ~~~~~~~~~~~~^^
  File "/Users/sulavkhatiwada/Desktop/nepse-main/.venv/lib/python3.13/site-packages/click/core.py", line 1485, in __call__
    return self.main(*args, **kwargs)
           ~~~~~~~~~^^^^^^^^^^^^^^^^^
  File "/Users/sulavkhatiwada/Desktop/nepse-main/.venv/lib/python3.13/site-packages/click/core.py", line 1406, in main
    rv = self.invoke(ctx)
  File "/Users/sulavkhatiwada/Desktop/nepse-main/.venv/lib/python3.13/site-packages/click/core.py", line 1269, in invoke
    return ctx.invoke(self.callback, **ctx.params)
           ~~~~~~~~~~^^^^^^^^^^^^^^^^^^^^^^^^^^^^^
  File "/Users/sulavkhatiwada/Desktop/nepse-main/.venv/lib/python3.13/site-packages/click/core.py", line 824, in invoke
    return callback(*args, **kwargs)
  File "/Users/sulavkhatiwada/Desktop/nepse-main/.venv/lib/python3.13/site-packages/uvicorn/main.py", line 433, in main
    run(
    ~~~^
        app,
        ^^^^
    ...<47 lines>...
        h11_max_incomplete_event_size=h11_max_incomplete_event_size,
        ^^^^^^^^^^^^^^^^^^^^^^^^^^^^^^^^^^^^^^^^^^^^^^^^^^^^^^^^^^^^
    )
    ^
  File "/Users/sulavkhatiwada/Desktop/nepse-main/.venv/lib/python3.13/site-packages/uvicorn/main.py", line 606, in run
    server.run()
    ~~~~~~~~~~^^
  File "/Users/sulavkhatiwada/Desktop/nepse-main/.venv/lib/python3.13/site-packages/uvicorn/server.py", line 75, in run
    return asyncio_run(self.serve(sockets=sockets), loop_factory=self.config.get_loop_factory())
  File "/opt/homebrew/Cellar/python@3.13/3.13.3_1/Frameworks/Python.framework/Versions/3.13/lib/python3.13/asyncio/runners.py", line 195, in run
    return runner.run(main)
           ~~~~~~~~~~^^^^^^
  File "/opt/homebrew/Cellar/python@3.13/3.13.3_1/Frameworks/Python.framework/Versions/3.13/lib/python3.13/asyncio/runners.py", line 118, in run
    return self._loop.run_until_complete(task)
           ~~~~~~~~~~~~~~~~~~~~~~~~~~~~~^^^^^^
  File "/opt/homebrew/Cellar/python@3.13/3.13.3_1/Frameworks/Python.framework/Versions/3.13/lib/python3.13/asyncio/base_events.py", line 719, in run_until_complete
    return future.result()
           ~~~~~~~~~~~~~^^
  File "/Users/sulavkhatiwada/Desktop/nepse-main/.venv/lib/python3.13/site-packages/uvicorn/server.py", line 79, in serve
    await self._serve(sockets)
  File "/Users/sulavkhatiwada/Desktop/nepse-main/.venv/lib/python3.13/site-packages/uvicorn/server.py", line 86, in _serve
    config.load()
    ~~~~~~~~~~~^^
  File "/Users/sulavkhatiwada/Desktop/nepse-main/.venv/lib/python3.13/site-packages/uvicorn/config.py", line 441, in load
    self.loaded_app = import_from_string(self.app)
                      ~~~~~~~~~~~~~~~~~~^^^^^^^^^^
  File "/Users/sulavkhatiwada/Desktop/nepse-main/.venv/lib/python3.13/site-packages/uvicorn/importer.py", line 22, in import_from_string
    raise exc from None
  File "/Users/sulavkhatiwada/Desktop/nepse-main/.venv/lib/python3.13/site-packages/uvicorn/importer.py", line 19, in import_from_string
    module = importlib.import_module(module_str)
  File "/opt/homebrew/Cellar/python@3.13/3.13.3_1/Frameworks/Python.framework/Versions/3.13/lib/python3.13/importlib/__init__.py", line 88, in import_module
    return _bootstrap._gcd_import(name[level:], package, level)
           ~~~~~~~~~~~~~~~~~~~~~~^^^^^^^^^^^^^^^^^^^^^^^^^^^^^^
  File "<frozen importlib._bootstrap>", line 1387, in _gcd_import
  File "<frozen importlib._bootstrap>", line 1360, in _find_and_load
  File "<frozen importlib._bootstrap>", line 1331, in _find_and_load_unlocked
  File "<frozen importlib._bootstrap>", line 935, in _load_unlocked
  File "<frozen importlib._bootstrap_external>", line 1026, in exec_module
  File "<frozen importlib._bootstrap>", line 488, in _call_with_frames_removed
  File "/Users/sulavkhatiwada/Desktop/nepse-main/backend/server.py", line 32, in <module>
    from .autonomous.api import router as autonomous_router
  File "/Users/sulavkhatiwada/Desktop/nepse-main/backend/autonomous/api.py", line 10, in <module>
    from .service import AutonomousResearchPlatform, get_research_platform
  File "/Users/sulavkhatiwada/Desktop/nepse-main/backend/autonomous/service.py", line 15, in <module>
    from sqlalchemy import func
ModuleNotFoundError: No module named 'sqlalchemy'
