
> npse@0.1.0 dev
> next dev --webpack

▲ Next.js 16.1.6 (webpack)
- Local:         http://localhost:3000
- Network:       http://192.168.100.164:3000

✓ Starting...
✓ Ready in 1422ms
 HEAD / 200 in 1555ms (compile: 1393ms, render: 162ms)
 HEAD / 200 in 165ms (compile: 21ms, render: 144ms)
 GET / 200 in 69ms (compile: 19ms, render: 50ms)
 GET /auth/login 200 in 747ms (compile: 721ms, render: 26ms)
 GET /auth/register 200 in 288ms (compile: 254ms, render: 34ms)
 GET / 200 in 259ms (compile: 34ms, render: 225ms)
 GET /auth/register 200 in 42ms (compile: 3ms, render: 40ms)
(node:19769) [DEP0060] DeprecationWarning: The `util._extend` API is deprecated. Please use Object.assign() instead.
(Use `node --trace-deprecation ...` to show where the warning was created)
 GET /auth/login 200 in 41ms (compile: 23ms, render: 18ms)
 GET / 200 in 37ms (compile: 6ms, render: 32ms)
 GET /auth/login 200 in 14ms (compile: 2ms, render: 12ms)
 GET /auth/login 200 in 15ms (compile: 3ms, render: 12ms)
 GET /ai-predictions 200 in 557ms (compile: 531ms, render: 27ms)
 GET /autonomous 200 in 465ms (compile: 444ms, render: 21ms)
Failed to proxy http://127.0.0.1:8000/api/autonomous/dashboard Error: socket hang up
    at ignore-listed frames {
  code: 'ECONNRESET'
}
Error: socket hang up
    at ignore-listed frames {
  code: 'ECONNRESET'
}
 GET /autonomous 200 in 1088ms (compile: 985ms, render: 103ms)
 GET /auth/login 200 in 1087ms (compile: 984ms, render: 103ms)
 GET /autonomous 200 in 38ms (compile: 7ms, render: 30ms)
 GET /auth/login 200 in 62ms (compile: 16ms, render: 46ms)
Failed to proxy http://127.0.0.1:8000/api/autonomous/dashboard Error: socket hang up
    at ignore-listed frames {
  code: 'ECONNRESET'
}
Error: socket hang up
    at ignore-listed frames {
  code: 'ECONNRESET'
}
 GET /autonomous 200 in 96ms (compile: 2ms, render: 93ms)
 GET /auth/login 200 in 199ms (compile: 26ms, render: 174ms)
 GET /ai-predictions 200 in 33ms (compile: 18ms, render: 15ms)
 GET /auth/login 200 in 125ms (compile: 6ms, render: 119ms)
Failed to proxy http://127.0.0.1:8000/api/autonomous/dashboard Error: socket hang up
    at ignore-listed frames {
  code: 'ECONNRESET'
}
Error: socket hang up
    at ignore-listed frames {
  code: 'ECONNRESET'
}
Failed to proxy http://127.0.0.1:8000/api/ai/predictions?top=15 Error: socket hang up
    at ignore-listed frames {
  code: 'ECONNRESET'
}
Error: socket hang up
    at ignore-listed frames {
  code: 'ECONNRESET'
}
 GET /auth/register 200 in 30ms (compile: 13ms, render: 17ms)
Failed to proxy http://127.0.0.1:8000/api/ai/predictions?top=15 Error: socket hang up
    at ignore-listed frames {
  code: 'ECONNRESET'
}
Error: socket hang up
    at ignore-listed frames {
  code: 'ECONNRESET'
}
 GET /recommendations 200 in 1035ms (compile: 1003ms, render: 32ms)
 GET /autonomous 200 in 40ms (compile: 24ms, render: 16ms)
Failed to proxy http://127.0.0.1:8000/api/autonomous/dashboard Error: socket hang up
    at ignore-listed frames {
  code: 'ECONNRESET'
}
Error: socket hang up
    at ignore-listed frames {
  code: 'ECONNRESET'
}
Failed to proxy http://127.0.0.1:8000/api/autonomous/dashboard Error: socket hang up
    at ignore-listed frames {
  code: 'ECONNRESET'
}
Error: socket hang up
    at ignore-listed frames {
  code: 'ECONNRESET'
}
Failed to proxy http://127.0.0.1:8000/api/autonomous/dashboard Error: socket hang up
    at ignore-listed frames {
  code: 'ECONNRESET'
}
Error: socket hang up
    at ignore-listed frames {
  code: 'ECONNRESET'
}
Failed to proxy http://127.0.0.1:8000/api/autonomous/dashboard Error: socket hang up
    at ignore-listed frames {
  code: 'ECONNRESET'
}
Error: socket hang up
    at ignore-listed frames {
  code: 'ECONNRESET'
}
